<?xml version="1.0" encoding="UTF-8"?>
<!-- Generated by org.testng.reporters.JUnitXMLReporter -->
<testsuite hostname="IN-IT1483" ignored="0" name="Surefire test" tests="3" failures="3" timestamp="31 Jul 2019 09:29:44 GMT" time="2.186" errors="0">
  <testcase name="init" time="0.064" classname="comproject.selenium.seleniumMVN011.TestNGArrayList">
    <failure type="java.lang.IllegalStateException" message="The driver executable does not exist: C:\Users\mayur.kumshi\Desktop\Selenium\Project2\seleniumMVN011\chromedriver.exe">
      <![CDATA[java.lang.IllegalStateException: The driver executable does not exist: C:\Users\mayur.kumshi\Desktop\Selenium\Project2\seleniumMVN011\chromedriver.exe
at com.google.common.base.Preconditions.checkState(Preconditions.java:585)
at org.openqa.selenium.remote.service.DriverService.checkExecutable(DriverService.java:146)
at org.openqa.selenium.remote.service.DriverService.findExecutable(DriverService.java:141)
at org.openqa.selenium.chrome.ChromeDriverService.access$000(ChromeDriverService.java:35)
at org.openqa.selenium.chrome.ChromeDriverService$Builder.findDefaultExecutable(ChromeDriverService.java:159)
at org.openqa.selenium.remote.service.DriverService$Builder.build(DriverService.java:355)
at org.openqa.selenium.chrome.ChromeDriverService.createDefaultService(ChromeDriverService.java:94)
at org.openqa.selenium.chrome.ChromeDriver.<init>(ChromeDriver.java:157)
at comproject.selenium.seleniumMVN011.TestNGArrayList.init(TestNGArrayList.java:29)
... Removed 30 stack frames]]>
    </failure>
  </testcase> <!-- init -->
  <testcase name="search" time="0.002" classname="comproject.selenium.seleniumMVN011.TestNGArrayList">
    <failure type="java.lang.NullPointerException">
      <![CDATA[java.lang.NullPointerException
at comproject.selenium.seleniumMVN011.TestNGArrayList.search(TestNGArrayList.java:57)
... Removed 30 stack frames]]>
    </failure>
  </testcase> <!-- search -->
  <testcase name="LoginCheck" time="2.079" classname="comproject.selenium.seleniumMVN011.TestNGProgramDemo1">
    <failure type="java.lang.IllegalStateException" message="The driver executable does not exist: C:\var\lib\jenkins\tools\chromedriver">
      <![CDATA[java.lang.IllegalStateException: The driver executable does not exist: C:\var\lib\jenkins\tools\chromedriver
at com.google.common.base.Preconditions.checkState(Preconditions.java:585)
at org.openqa.selenium.remote.service.DriverService.checkExecutable(DriverService.java:146)
at org.openqa.selenium.remote.service.DriverService.findExecutable(DriverService.java:141)
at org.openqa.selenium.chrome.ChromeDriverService.access$000(ChromeDriverService.java:35)
at org.openqa.selenium.chrome.ChromeDriverService$Builder.findDefaultExecutable(ChromeDriverService.java:159)
at org.openqa.selenium.remote.service.DriverService$Builder.build(DriverService.java:355)
at org.openqa.selenium.chrome.ChromeDriverService.createDefaultService(ChromeDriverService.java:94)
at org.openqa.selenium.chrome.ChromeDriver.<init>(ChromeDriver.java:123)
at comproject.selenium.seleniumMVN011.TestNGProgramDemo1.LoginCheck(TestNGProgramDemo1.java:23)
... Removed 30 stack frames]]>
    </failure>
  </testcase> <!-- LoginCheck -->
</testsuite> <!-- Surefire test -->
